{
  "stats": {
    "suites": 1,
    "tests": 1,
    "passes": 1,
    "pending": 0,
    "failures": 0,
    "start": "2026-01-20T13:51:42.559Z",
    "end": "2026-01-20T13:51:45.535Z",
    "duration": 2976,
    "testsRegistered": 1,
    "passPercent": 100,
    "pendingPercent": 0,
    "other": 0,
    "hasOther": false,
    "skipped": 0,
    "hasSkipped": false
  },
  "results": [
    {
      "uuid": "edd835d6-ea61-45b2-9a96-9cb2ddb4f956",
      "title": "",
      "fullFile": "cypress/e2e/repertoireManagement.cy.js",
      "file": "cypress/e2e/repertoireManagement.cy.js",
      "beforeHooks": [],
      "afterHooks": [],
      "tests": [],
      "suites": [
        {
          "uuid": "b48ee5dc-83b5-430e-955b-d902aa2d49a2",
          "title": "Matching Engine – Repertoire Management Module",
          "fullFile": "",
          "file": "",
          "beforeHooks": [],
          "afterHooks": [],
          "tests": [
            {
              "title": "Validates supported products under Repertoire Management Module",
              "fullTitle": "Matching Engine – Repertoire Management Module Validates supported products under Repertoire Management Module",
              "timedOut": null,
              "duration": 2937,
              "state": "passed",
              "speed": "fast",
              "pass": true,
              "fail": false,
              "pending": false,
              "context": null,
              "code": "// Expand Modules menu\nhomePage.openModulesMenu();\n//homePage.handleCookieBanner();\n// Navigate to Repertoire Management Module\nhomePage.clickRepertoireManagementModule();\n// Scroll to Additional Features\nrepertoirePage.scrollToAdditionalFeatures();\n// Open Products Supported accordion\nrepertoirePage.clickProductsSupported();\n// Assertions\nrepertoirePage.verifyProductsSupportedHeading();\nrepertoirePage.verifySupportedProductsList();",
              "err": {},
              "uuid": "afb0c57c-ae07-41cf-9b7f-56af92ab7ea2",
              "parentUUID": "b48ee5dc-83b5-430e-955b-d902aa2d49a2",
              "isHook": false,
              "skipped": false
            }
          ],
          "suites": [],
          "passes": [
            "afb0c57c-ae07-41cf-9b7f-56af92ab7ea2"
          ],
          "failures": [],
          "pending": [],
          "skipped": [],
          "duration": 2937,
          "root": false,
          "rootEmpty": false,
          "_timeout": 2000
        }
      ],
      "passes": [],
      "failures": [],
      "pending": [],
      "skipped": [],
      "duration": 0,
      "root": true,
      "rootEmpty": true,
      "_timeout": 2000
    }
  ],
  "meta": {
    "mocha": {
      "version": "7.2.0"
    },
    "mochawesome": {
      "options": {
        "quiet": false,
        "reportFilename": "mochawesome",
        "saveHtml": false,
        "saveJson": true,
        "consoleReporter": "spec",
        "useInlineDiffs": false,
        "code": true
      },
      "version": "7.1.4"
    },
    "marge": {
      "options": {
        "reportDir": "cypress/reports",
        "overwrite": false,
        "html": false,
        "json": true
      },
      "version": "6.3.2"
    }
  }
}