{
  "stats": {
    "suites": 1,
    "tests": 1,
    "passes": 1,
    "pending": 0,
    "failures": 0,
    "start": "2026-01-20T13:59:16.445Z",
    "end": "2026-01-20T13:59:19.953Z",
    "duration": 3508,
    "testsRegistered": 1,
    "passPercent": 100,
    "pendingPercent": 0,
    "other": 0,
    "hasOther": false,
    "skipped": 0,
    "hasSkipped": false
  },
  "results": [
    {
      "uuid": "65fd0c75-cfe0-49d8-b524-5bcd83cbdaf1",
      "title": "",
      "fullFile": "cypress/e2e/repertoireManagement.cy.js",
      "file": "cypress/e2e/repertoireManagement.cy.js",
      "beforeHooks": [],
      "afterHooks": [],
      "tests": [],
      "suites": [
        {
          "uuid": "773a25b9-0e02-4c90-9506-a1b6dace35b9",
          "title": "Matching Engine – Repertoire Management Module",
          "fullFile": "",
          "file": "",
          "beforeHooks": [],
          "afterHooks": [],
          "tests": [
            {
              "title": "Validates supported products under Repertoire Management Module",
              "fullTitle": "Matching Engine – Repertoire Management Module Validates supported products under Repertoire Management Module",
              "timedOut": null,
              "duration": 3464,
              "state": "passed",
              "speed": "fast",
              "pass": true,
              "fail": false,
              "pending": false,
              "context": null,
              "code": "// Verify Modules menu Open successfully\nhomePage.openModulesMenu();\n//homePage.handleCookieBanner();\n// Verify Repertoire Management Module navigation\nhomePage.clickRepertoireManagementModule();\n// Verify Additional Features section visibility\nrepertoirePage.scrollToAdditionalFeatures();\n// Verify Products Supported section\nrepertoirePage.clickProductsSupported();\n//Verify supported products list\nrepertoirePage.verifyProductsSupportedHeading();\nrepertoirePage.verifySupportedProductsList();",
              "err": {},
              "uuid": "2b026985-554a-462a-acfc-af05f0a40a30",
              "parentUUID": "773a25b9-0e02-4c90-9506-a1b6dace35b9",
              "isHook": false,
              "skipped": false
            }
          ],
          "suites": [],
          "passes": [
            "2b026985-554a-462a-acfc-af05f0a40a30"
          ],
          "failures": [],
          "pending": [],
          "skipped": [],
          "duration": 3464,
          "root": false,
          "rootEmpty": false,
          "_timeout": 2000
        }
      ],
      "passes": [],
      "failures": [],
      "pending": [],
      "skipped": [],
      "duration": 0,
      "root": true,
      "rootEmpty": true,
      "_timeout": 2000
    }
  ],
  "meta": {
    "mocha": {
      "version": "7.2.0"
    },
    "mochawesome": {
      "options": {
        "quiet": false,
        "reportFilename": "mochawesome",
        "saveHtml": true,
        "saveJson": true,
        "consoleReporter": "spec",
        "useInlineDiffs": false,
        "code": true
      },
      "version": "7.1.4"
    },
    "marge": {
      "options": {
        "reportDir": "cypress/reports",
        "overwrite": true,
        "html": true,
        "json": true
      },
      "version": "6.3.2"
    }
  }
}